This is Common TeX, Version 2.9 (preloaded format=lplain 91.3.1) 2 MAR 1995 10:07
**&lplain bicpl.tex 
(./bicpl.tex
LaTeX Version 2.09 - Released 27 October 1986
(/usr/local/TeX/inputs/report.sty
Document Style `report'. Released 4 September 1986.
(/usr/local/TeX/inputs/rep10.sty)
\descriptionmargin=\dimen99
\c@part=\count78
\c@chapter=\count79
\c@section=\count80
\c@subsection=\count81
\c@subsubsection=\count82
\c@paragraph=\count83
\c@subparagraph=\count84
\c@figure=\count85
\c@table=\count86
 (/usr/local/TeX/inputs/titlepage.sty))
(./bicpl.aux) [0

] (./bicpl.toc)
\tf@toc=\write3
 [1

]
Chapter 1.
[2

]
Chapter 2.
[3

]
Chapter 3.
[4

]
Chapter 4.
[5

] [6] [7] [8] [9] [10]
Chapter 5.
[11

]
Chapter 6.
[12

]
Chapter 7.
[13

]
Chapter 8.
[14

] [15] [16] [17] [18]
Chapter 9.
[19

] [20] (./bicpl.aux)
Output written on bicpl.dvi (21 pages, 25692 bytes).
